This file contains any messages produced by compilers while
running configure, to aid debugging if configure makes a mistake.

It was created by configure, which was
generated by GNU Autoconf 2.69.  Invocation command line was

  $ ./configure --host=arm-linux-gnueabi

## --------- ##
## Platform. ##
## --------- ##

hostname = de1soc
uname -m = x86_64
uname -r = 3.13.0-43-generic
uname -s = Linux
uname -v = #72-Ubuntu SMP Mon Dec 8 19:35:06 UTC 2014

/usr/bin/uname -p = unknown
/bin/uname -X     = unknown

/bin/arch              = unknown
/usr/bin/arch -k       = unknown
/usr/convex/getsysinfo = unknown
/usr/bin/hostinfo      = unknown
/bin/machine           = unknown
/usr/bin/oslevel       = unknown
/bin/universe          = unknown

PATH: /usr/local/sbin
PATH: /usr/local/bin
PATH: /usr/sbin
PATH: /usr/bin
PATH: /sbin
PATH: /bin
PATH: /opt/altera/latest/quartus/linux
PATH: /opt/altera/latest/quartus/sopc_builder/bin
PATH: /opt/altera/latest/quartus/dsp_builder/bin
PATH: /opt/altera/latest/nios2eds/bin
PATH: /opt/altera/latest/quartus/../modelsim_ae/linuxaloem
PATH: /opt/altera/latest/nios2eds/bin/nios2-gnutools/H-i686-pc-linux-gnu/bin/
PATH: /opt/altera/latest/nios2eds/sdk2/bin
PATH: /opt/altera/latest/quartus/linux
PATH: /opt/altera/latest/quartus/bin
PATH: /opt/altera/latest/quartus/../modelsim_ae/bin
PATH: /opt/SpyGlass/latest/SPYGLASS_HOME//bin


## ----------- ##
## Core tests. ##
## ----------- ##

configure:2246: checking for arm-linux-gnueabi-gcc
configure:2262: found /usr/bin/arm-linux-gnueabi-gcc
configure:2273: result: arm-linux-gnueabi-gcc
configure:2542: checking for C compiler version
configure:2551: arm-linux-gnueabi-gcc --version >&5
arm-linux-gnueabi-gcc (Ubuntu/Linaro 4.7.3-12ubuntu1) 4.7.3
Copyright (C) 2012 Free Software Foundation, Inc.
This is free software; see the source for copying conditions.  There is NO
warranty; not even for MERCHANTABILITY or FITNESS FOR A PARTICULAR PURPOSE.

configure:2562: $? = 0
configure:2551: arm-linux-gnueabi-gcc -v >&5
Using built-in specs.
COLLECT_GCC=arm-linux-gnueabi-gcc
COLLECT_LTO_WRAPPER=/usr/lib/gcc-cross/arm-linux-gnueabi/4.7/lto-wrapper
Target: arm-linux-gnueabi
Configured with: ../src/configure -v --with-pkgversion='Ubuntu/Linaro 4.7.3-12ubuntu1' --with-bugurl=file:///usr/share/doc/gcc-4.7/README.Bugs --enable-languages=c,c++,go,fortran,objc,obj-c++ --prefix=/usr --program-suffix=-4.7 --enable-shared --enable-linker-build-id --libexecdir=/usr/lib --without-included-gettext --enable-threads=posix --with-gxx-include-dir=/usr/arm-linux-gnueabi/include/c++/4.7.3 --libdir=/usr/lib --enable-nls --with-sysroot=/ --enable-clocale=gnu --enable-libstdcxx-debug --enable-gnu-unique-object --disable-libmudflap --disable-libitm --enable-plugin --with-system-zlib --enable-objc-gc --with-cloog --enable-cloog-backend=ppl --disable-cloog-version-check --disable-ppl-version-check --enable-multiarch --enable-multilib --disable-sjlj-exceptions --with-arch=armv5t --with-float=soft --disable-werror --enable-checking=release --build=x86_64-linux-gnu --host=x86_64-linux-gnu --target=arm-linux-gnueabi --program-prefix=arm-linux-gnueabi- --includedir=/usr/arm-linux-gnueabi/include
Thread model: posix
gcc version 4.7.3 (Ubuntu/Linaro 4.7.3-12ubuntu1) 
configure:2562: $? = 0
configure:2551: arm-linux-gnueabi-gcc -V >&5
arm-linux-gnueabi-gcc: error: unrecognized command line option '-V'
arm-linux-gnueabi-gcc: fatal error: no input files
compilation terminated.
configure:2562: $? = 4
configure:2551: arm-linux-gnueabi-gcc -qversion >&5
arm-linux-gnueabi-gcc: error: unrecognized command line option '-qversion'
arm-linux-gnueabi-gcc: fatal error: no input files
compilation terminated.
configure:2562: $? = 4
configure:2582: checking whether the C compiler works
configure:2604: arm-linux-gnueabi-gcc    conftest.c  >&5
configure:2608: $? = 0
configure:2656: result: yes
configure:2659: checking for C compiler default output file name
configure:2661: result: a.out
configure:2667: checking for suffix of executables
configure:2674: arm-linux-gnueabi-gcc -o conftest    conftest.c  >&5
configure:2678: $? = 0
configure:2700: result: 
configure:2722: checking whether we are cross compiling
configure:2730: arm-linux-gnueabi-gcc -o conftest    conftest.c  >&5
configure:2734: $? = 0
configure:2741: ./conftest
./configure: line 2743: ./conftest: cannot execute binary file: Exec format error
configure:2745: $? = 126
configure:2760: result: yes
configure:2765: checking for suffix of object files
configure:2787: arm-linux-gnueabi-gcc -c   conftest.c >&5
configure:2791: $? = 0
configure:2812: result: o
configure:2816: checking whether we are using the GNU C compiler
configure:2835: arm-linux-gnueabi-gcc -c   conftest.c >&5
configure:2835: $? = 0
configure:2844: result: yes
configure:2853: checking whether arm-linux-gnueabi-gcc accepts -g
configure:2873: arm-linux-gnueabi-gcc -c -g  conftest.c >&5
configure:2873: $? = 0
configure:2914: result: yes
configure:2931: checking for arm-linux-gnueabi-gcc option to accept ISO C89
configure:2994: arm-linux-gnueabi-gcc  -c   conftest.c >&5
configure:2994: $? = 0
configure:3007: result: none needed
configure:3041: checking for arm-linux-gnueabi-g++
configure:3057: found /usr/bin/arm-linux-gnueabi-g++
configure:3068: result: arm-linux-gnueabi-g++
configure:3139: checking for C++ compiler version
configure:3148: arm-linux-gnueabi-g++ --version >&5
arm-linux-gnueabi-g++ (Ubuntu/Linaro 4.7.3-12ubuntu1) 4.7.3
Copyright (C) 2012 Free Software Foundation, Inc.
This is free software; see the source for copying conditions.  There is NO
warranty; not even for MERCHANTABILITY or FITNESS FOR A PARTICULAR PURPOSE.

configure:3159: $? = 0
configure:3148: arm-linux-gnueabi-g++ -v >&5
Using built-in specs.
COLLECT_GCC=arm-linux-gnueabi-g++
COLLECT_LTO_WRAPPER=/usr/lib/gcc-cross/arm-linux-gnueabi/4.7/lto-wrapper
Target: arm-linux-gnueabi
Configured with: ../src/configure -v --with-pkgversion='Ubuntu/Linaro 4.7.3-12ubuntu1' --with-bugurl=file:///usr/share/doc/gcc-4.7/README.Bugs --enable-languages=c,c++,go,fortran,objc,obj-c++ --prefix=/usr --program-suffix=-4.7 --enable-shared --enable-linker-build-id --libexecdir=/usr/lib --without-included-gettext --enable-threads=posix --with-gxx-include-dir=/usr/arm-linux-gnueabi/include/c++/4.7.3 --libdir=/usr/lib --enable-nls --with-sysroot=/ --enable-clocale=gnu --enable-libstdcxx-debug --enable-gnu-unique-object --disable-libmudflap --disable-libitm --enable-plugin --with-system-zlib --enable-objc-gc --with-cloog --enable-cloog-backend=ppl --disable-cloog-version-check --disable-ppl-version-check --enable-multiarch --enable-multilib --disable-sjlj-exceptions --with-arch=armv5t --with-float=soft --disable-werror --enable-checking=release --build=x86_64-linux-gnu --host=x86_64-linux-gnu --target=arm-linux-gnueabi --program-prefix=arm-linux-gnueabi- --includedir=/usr/arm-linux-gnueabi/include
Thread model: posix
gcc version 4.7.3 (Ubuntu/Linaro 4.7.3-12ubuntu1) 
configure:3159: $? = 0
configure:3148: arm-linux-gnueabi-g++ -V >&5
arm-linux-gnueabi-g++: error: unrecognized command line option '-V'
arm-linux-gnueabi-g++: fatal error: no input files
compilation terminated.
configure:3159: $? = 4
configure:3148: arm-linux-gnueabi-g++ -qversion >&5
arm-linux-gnueabi-g++: error: unrecognized command line option '-qversion'
arm-linux-gnueabi-g++: fatal error: no input files
compilation terminated.
configure:3159: $? = 4
configure:3163: checking whether we are using the GNU C++ compiler
configure:3182: arm-linux-gnueabi-g++ -c   conftest.cpp >&5
configure:3182: $? = 0
configure:3191: result: yes
configure:3200: checking whether arm-linux-gnueabi-g++ accepts -g
configure:3220: arm-linux-gnueabi-g++ -c -g  conftest.cpp >&5
configure:3220: $? = 0
configure:3261: result: yes
configure:3327: checking for a BSD-compatible install
configure:3395: result: /usr/bin/install -c
configure:3413: checking for arm-linux-gnueabi-ranlib
configure:3429: found /usr/bin/arm-linux-gnueabi-ranlib
configure:3440: result: arm-linux-gnueabi-ranlib
configure:3504: checking for ar
configure:3522: found /usr/bin/ar
configure:3534: result: /usr/bin/ar
configure:3544: checking for cp
configure:3562: found /bin/cp
configure:3574: result: /bin/cp
configure:3584: checking for ln
configure:3602: found /bin/ln
configure:3614: result: /bin/ln
configure:3624: checking for mkdir
configure:3642: found /bin/mkdir
configure:3654: result: /bin/mkdir
configure:3664: checking for rm
configure:3682: found /bin/rm
configure:3694: result: /bin/rm
configure:3715: checking for inline
configure:3731: arm-linux-gnueabi-gcc -c   conftest.c >&5
configure:3731: $? = 0
configure:3739: result: inline
configure:3761: checking for strdup
configure:3761: arm-linux-gnueabi-gcc -o conftest    conftest.c  >&5
conftest.c:33:6: warning: conflicting types for built-in function 'strdup' [enabled by default]
configure:3761: $? = 0
configure:3761: result: yes
configure:3776: checking for snprintf
configure:3776: arm-linux-gnueabi-gcc -o conftest    conftest.c  >&5
conftest.c:34:6: warning: conflicting types for built-in function 'snprintf' [enabled by default]
configure:3776: $? = 0
configure:3776: result: yes
configure:3776: checking for vsnprintf
configure:3776: arm-linux-gnueabi-gcc -o conftest    conftest.c  >&5
conftest.c:35:6: warning: conflicting types for built-in function 'vsnprintf' [enabled by default]
configure:3776: $? = 0
configure:3776: result: yes
configure:3787: checking for long long int
configure:3814: result: yes
configure:3838: checking how to run the C preprocessor
configure:3869: arm-linux-gnueabi-gcc -E  conftest.c
configure:3869: $? = 0
configure:3883: arm-linux-gnueabi-gcc -E  conftest.c
conftest.c:14:28: fatal error: ac_nonexistent.h: No such file or directory
compilation terminated.
configure:3883: $? = 1
configure: failed program was:
| /* confdefs.h */
| #define PACKAGE_NAME ""
| #define PACKAGE_TARNAME ""
| #define PACKAGE_VERSION ""
| #define PACKAGE_STRING ""
| #define PACKAGE_BUGREPORT ""
| #define PACKAGE_URL ""
| #define MXML_VERSION "Mini-XML v2.9"
| #define HAVE_STRDUP 1
| #define HAVE_SNPRINTF 1
| #define HAVE_VSNPRINTF 1
| #define HAVE_LONG_LONG 1
| /* end confdefs.h.  */
| #include <ac_nonexistent.h>
configure:3908: result: arm-linux-gnueabi-gcc -E
configure:3928: arm-linux-gnueabi-gcc -E  conftest.c
configure:3928: $? = 0
configure:3942: arm-linux-gnueabi-gcc -E  conftest.c
conftest.c:14:28: fatal error: ac_nonexistent.h: No such file or directory
compilation terminated.
configure:3942: $? = 1
configure: failed program was:
| /* confdefs.h */
| #define PACKAGE_NAME ""
| #define PACKAGE_TARNAME ""
| #define PACKAGE_VERSION ""
| #define PACKAGE_STRING ""
| #define PACKAGE_BUGREPORT ""
| #define PACKAGE_URL ""
| #define MXML_VERSION "Mini-XML v2.9"
| #define HAVE_STRDUP 1
| #define HAVE_SNPRINTF 1
| #define HAVE_VSNPRINTF 1
| #define HAVE_LONG_LONG 1
| /* end confdefs.h.  */
| #include <ac_nonexistent.h>
configure:3971: checking for grep that handles long lines and -e
configure:4029: result: /bin/grep
configure:4034: checking for egrep
configure:4096: result: /bin/grep -E
configure:4101: checking for ANSI C header files
configure:4121: arm-linux-gnueabi-gcc -c   conftest.c >&5
configure:4121: $? = 0
configure:4205: result: yes
configure:4218: checking for sys/types.h
configure:4218: arm-linux-gnueabi-gcc -c   conftest.c >&5
configure:4218: $? = 0
configure:4218: result: yes
configure:4218: checking for sys/stat.h
configure:4218: arm-linux-gnueabi-gcc -c   conftest.c >&5
configure:4218: $? = 0
configure:4218: result: yes
configure:4218: checking for stdlib.h
configure:4218: arm-linux-gnueabi-gcc -c   conftest.c >&5
configure:4218: $? = 0
configure:4218: result: yes
configure:4218: checking for string.h
configure:4218: arm-linux-gnueabi-gcc -c   conftest.c >&5
configure:4218: $? = 0
configure:4218: result: yes
configure:4218: checking for memory.h
configure:4218: arm-linux-gnueabi-gcc -c   conftest.c >&5
configure:4218: $? = 0
configure:4218: result: yes
configure:4218: checking for strings.h
configure:4218: arm-linux-gnueabi-gcc -c   conftest.c >&5
configure:4218: $? = 0
configure:4218: result: yes
configure:4218: checking for inttypes.h
configure:4218: arm-linux-gnueabi-gcc -c   conftest.c >&5
configure:4218: $? = 0
configure:4218: result: yes
configure:4218: checking for stdint.h
configure:4218: arm-linux-gnueabi-gcc -c   conftest.c >&5
configure:4218: $? = 0
configure:4218: result: yes
configure:4218: checking for unistd.h
configure:4218: arm-linux-gnueabi-gcc -c   conftest.c >&5
configure:4218: $? = 0
configure:4218: result: yes
configure:4230: checking pthread.h usability
configure:4230: arm-linux-gnueabi-gcc -c   conftest.c >&5
configure:4230: $? = 0
configure:4230: result: yes
configure:4230: checking pthread.h presence
configure:4230: arm-linux-gnueabi-gcc -E  conftest.c
configure:4230: $? = 0
configure:4230: result: yes
configure:4230: checking for pthread.h
configure:4230: result: yes
configure:4240: checking for pthread_create using -lpthreads
configure:4255: arm-linux-gnueabi-gcc -o conftest    conftest.c -lpthreads  >&5
/usr/lib/gcc-cross/arm-linux-gnueabi/4.7/../../../../arm-linux-gnueabi/bin/ld: cannot find -lpthreads
collect2: error: ld returned 1 exit status
configure:4255: $? = 1
configure: failed program was:
| /* confdefs.h */
| #define PACKAGE_NAME ""
| #define PACKAGE_TARNAME ""
| #define PACKAGE_VERSION ""
| #define PACKAGE_STRING ""
| #define PACKAGE_BUGREPORT ""
| #define PACKAGE_URL ""
| #define MXML_VERSION "Mini-XML v2.9"
| #define HAVE_STRDUP 1
| #define HAVE_SNPRINTF 1
| #define HAVE_VSNPRINTF 1
| #define HAVE_LONG_LONG 1
| #define STDC_HEADERS 1
| #define HAVE_SYS_TYPES_H 1
| #define HAVE_SYS_STAT_H 1
| #define HAVE_STDLIB_H 1
| #define HAVE_STRING_H 1
| #define HAVE_MEMORY_H 1
| #define HAVE_STRINGS_H 1
| #define HAVE_INTTYPES_H 1
| #define HAVE_STDINT_H 1
| #define HAVE_UNISTD_H 1
| #define HAVE_PTHREAD_H 1
| /* end confdefs.h.  */
| #include <pthread.h>
| int
| main ()
| {
| pthread_create(0, 0, 0, 0);
|   ;
|   return 0;
| }
configure:4260: result: no
configure:4240: checking for pthread_create using -lpthread
configure:4255: arm-linux-gnueabi-gcc -o conftest    conftest.c -lpthread  >&5
configure:4255: $? = 0
configure:4260: result: yes
configure:4292: checking for shared library support
configure:4324: result: yes
configure:4576: creating ./config.status

## ---------------------- ##
## Running config.status. ##
## ---------------------- ##

This file was extended by config.status, which was
generated by GNU Autoconf 2.69.  Invocation command line was

  CONFIG_FILES    = 
  CONFIG_HEADERS  = 
  CONFIG_LINKS    = 
  CONFIG_COMMANDS = 
  $ ./config.status 

on de1soc

config.status:830: creating Makefile
config.status:830: creating mxml.list
config.status:830: creating mxml.pc
config.status:830: creating config.h
config.status:1005: config.h is unchanged

## ---------------- ##
## Cache variables. ##
## ---------------- ##

ac_cv_c_compiler_gnu=yes
ac_cv_c_inline=inline
ac_cv_c_long_long=yes
ac_cv_cxx_compiler_gnu=yes
ac_cv_env_CCC_set=
ac_cv_env_CCC_value=
ac_cv_env_CC_set=
ac_cv_env_CC_value=
ac_cv_env_CFLAGS_set=
ac_cv_env_CFLAGS_value=
ac_cv_env_CPPFLAGS_set=
ac_cv_env_CPPFLAGS_value=
ac_cv_env_CPP_set=
ac_cv_env_CPP_value=
ac_cv_env_CXXFLAGS_set=
ac_cv_env_CXXFLAGS_value=
ac_cv_env_CXX_set=
ac_cv_env_CXX_value=
ac_cv_env_LDFLAGS_set=
ac_cv_env_LDFLAGS_value=
ac_cv_env_LIBS_set=
ac_cv_env_LIBS_value=
ac_cv_env_build_alias_set=
ac_cv_env_build_alias_value=
ac_cv_env_host_alias_set=set
ac_cv_env_host_alias_value=arm-linux-gnueabi
ac_cv_env_target_alias_set=
ac_cv_env_target_alias_value=
ac_cv_func_snprintf=yes
ac_cv_func_strdup=yes
ac_cv_func_vsnprintf=yes
ac_cv_header_inttypes_h=yes
ac_cv_header_memory_h=yes
ac_cv_header_pthread_h=yes
ac_cv_header_stdc=yes
ac_cv_header_stdint_h=yes
ac_cv_header_stdlib_h=yes
ac_cv_header_string_h=yes
ac_cv_header_strings_h=yes
ac_cv_header_sys_stat_h=yes
ac_cv_header_sys_types_h=yes
ac_cv_header_unistd_h=yes
ac_cv_objext=o
ac_cv_path_AR=/usr/bin/ar
ac_cv_path_CP=/bin/cp
ac_cv_path_EGREP='/bin/grep -E'
ac_cv_path_GREP=/bin/grep
ac_cv_path_LN=/bin/ln
ac_cv_path_MKDIR=/bin/mkdir
ac_cv_path_RM=/bin/rm
ac_cv_path_install='/usr/bin/install -c'
ac_cv_prog_CC=arm-linux-gnueabi-gcc
ac_cv_prog_CPP='arm-linux-gnueabi-gcc -E'
ac_cv_prog_CXX=arm-linux-gnueabi-g++
ac_cv_prog_RANLIB=arm-linux-gnueabi-ranlib
ac_cv_prog_cc_c89=
ac_cv_prog_cc_g=yes
ac_cv_prog_cxx_g=yes

## ----------------- ##
## Output variables. ##
## ----------------- ##

AR='/usr/bin/ar'
ARCHFLAGS=''
ARFLAGS='crvs'
CC='arm-linux-gnueabi-gcc'
CFLAGS='-Wall '
CP='/bin/cp'
CPP='arm-linux-gnueabi-gcc -E'
CPPFLAGS=''
CXX='arm-linux-gnueabi-g++'
CXXFLAGS=''
DEFS='-DHAVE_CONFIG_H'
DSO='$(CC)'
DSOFLAGS=' -Wl,-soname,libmxml.so.1,-rpath,$(libdir) -shared $(OPTIM)'
ECHO_C=''
ECHO_N='-n'
ECHO_T=''
EGREP='/bin/grep -E'
EXEEXT=''
GREP='/bin/grep'
INSTALL_DATA='${INSTALL} -m 644'
INSTALL_PROGRAM='${INSTALL}'
INSTALL_SCRIPT='${INSTALL}'
LDFLAGS=' -Wl,-rpath,$(libdir)'
LIBMXML='libmxml.so.1.5'
LIBOBJS=''
LIBS=''
LN='/bin/ln'
LTLIBOBJS=''
MKDIR='/bin/mkdir'
OBJEXT='o'
OPTIM='-fPIC -Os -g'
PACKAGE_BUGREPORT=''
PACKAGE_NAME=''
PACKAGE_STRING=''
PACKAGE_TARNAME=''
PACKAGE_URL=''
PACKAGE_VERSION=''
PATH_SEPARATOR=':'
PC_CFLAGS='-I${prefix}/include'
PC_LIBS='-L${exec_prefix}/lib -lmxml'
PICFLAG='1'
PTHREAD_FLAGS='-D_THREAD_SAFE -D_REENTRANT'
PTHREAD_LIBS='-lpthread'
RANLIB='arm-linux-gnueabi-ranlib'
RM='/bin/rm'
SHELL='/bin/bash'
VERSION='2.9'
ac_ct_CC=''
ac_ct_CXX=''
bindir='${exec_prefix}/bin'
build_alias=''
datadir='${datarootdir}'
datarootdir='${prefix}/share'
docdir='${datarootdir}/doc/mxml'
dvidir='${docdir}'
exec_prefix='/usr/local'
host_alias='arm-linux-gnueabi'
htmldir='${docdir}'
includedir='${prefix}/include'
infodir='${datarootdir}/info'
libdir='${exec_prefix}/lib'
libexecdir='${exec_prefix}/libexec'
localedir='${datarootdir}/locale'
localstatedir='${prefix}/var'
mandir='${datarootdir}/man'
oldincludedir='/usr/include'
pdfdir='${docdir}'
prefix='/usr/local'
program_transform_name='s,x,x,'
psdir='${docdir}'
sbindir='${exec_prefix}/sbin'
sharedstatedir='${prefix}/com'
sysconfdir='${prefix}/etc'
target_alias=''

## ----------- ##
## confdefs.h. ##
## ----------- ##

/* confdefs.h */
#define PACKAGE_NAME ""
#define PACKAGE_TARNAME ""
#define PACKAGE_VERSION ""
#define PACKAGE_STRING ""
#define PACKAGE_BUGREPORT ""
#define PACKAGE_URL ""
#define MXML_VERSION "Mini-XML v2.9"
#define HAVE_STRDUP 1
#define HAVE_SNPRINTF 1
#define HAVE_VSNPRINTF 1
#define HAVE_LONG_LONG 1
#define STDC_HEADERS 1
#define HAVE_SYS_TYPES_H 1
#define HAVE_SYS_STAT_H 1
#define HAVE_STDLIB_H 1
#define HAVE_STRING_H 1
#define HAVE_MEMORY_H 1
#define HAVE_STRINGS_H 1
#define HAVE_INTTYPES_H 1
#define HAVE_STDINT_H 1
#define HAVE_UNISTD_H 1
#define HAVE_PTHREAD_H 1

configure: exit 0
